[GIN-debug] [WARNING] Running in "debug" mode. Switch to "release" mode in production.
 - using env:	export GIN_MODE=release
 - using code:	gin.SetMode(gin.ReleaseMode)

[GIN-debug] GET    /css/*filepath            --> github.com/gin-gonic/gin.(*RouterGroup).createStaticHandler.func1 (1 handlers)
[GIN-debug] HEAD   /css/*filepath            --> github.com/gin-gonic/gin.(*RouterGroup).createStaticHandler.func1 (1 handlers)
[GIN-debug] Loaded HTML Templates (4): 
	- footer.html
	- header.html
	- index.html
	- 

[GIN-debug] GET    /test                     --> main.main.func1 (4 handlers)
[GIN-debug] GET    /api/videos               --> main.main.func2 (4 handlers)
[GIN-debug] POST   /api/videos               --> main.main.func3 (4 handlers)
[GIN-debug] GET    /view/videos              --> back-end-notes/ginExample/templateAndRouterGroup/controller.VideoController.ShowAll-fm (4 handlers)
[GIN-debug] Listening and serving HTTP on :8080
::1 - [16 Aug 20 16:01 CST] POST /api/videos 500 631.65µs
::1 - [16 Aug 20 16:01 CST] POST /api/videos 500 69.317µs
::1 - [16 Aug 20 16:01 CST] POST /api/videos 200 63.478µs
::1 - [16 Aug 20 16:02 CST] GET /videos 404 2.152µs
::1 - [16 Aug 20 16:02 CST] GET /api/videos 200 51.376µs
::1 - [16 Aug 20 16:02 CST] GET /view/videos 200 1.493816ms
::1 - [16 Aug 20 16:02 CST] GET /view/videos 200 2.153389ms
::1 - [16 Aug 20 16:03 CST] GET /view/videos 200 378.97µs
::1 - [16 Aug 20 16:03 CST] GET /view/videos 200 761.922µs
::1 - [16 Aug 20 16:03 CST] GET /view/videos 200 1.741108ms
::1 - [16 Aug 20 16:06 CST] POST /api/videos 200 115.231µs
::1 - [16 Aug 20 16:06 CST] GET /view/videos 200 2.609397ms
